<?xml version="1.0" encoding="UTF-8"?>
<testsuite xmlns:xsi="http://www.w3.org/2001/XMLSchema-instance" xsi:noNamespaceSchemaLocation="https://maven.apache.org/surefire/maven-surefire-plugin/xsd/surefire-test-report.xsd" name="no.ntnu.jorgfi.enigma.model.AnalyzerTest" time="0.011" tests="4" errors="0" skipped="0" failures="0">
  <properties>
    <property name="java.specification.version" value="19"/>
    <property name="sun.jnu.encoding" value="UTF-8"/>
    <property name="java.class.path" value="/Users/jorgenfinsveen/Documents/Dokumenter  Joergens MacBook Pro/NTNU Aalesund/3 Semester/IDATA2304/Mandatory work - Solutions/code/A5/enigma-72/enigma/target/test-classes:/Users/jorgenfinsveen/Documents/Dokumenter  Joergens MacBook Pro/NTNU Aalesund/3 Semester/IDATA2304/Mandatory work - Solutions/code/A5/enigma-72/enigma/target/classes:/Users/jorgenfinsveen/.m2/repository/junit/junit/4.11/junit-4.11.jar:/Users/jorgenfinsveen/.m2/repository/org/hamcrest/hamcrest-core/1.3/hamcrest-core-1.3.jar:/Users/jorgenfinsveen/.m2/repository/com/diogonunes/JColor/5.0.0/JColor-5.0.0.jar:/Users/jorgenfinsveen/.m2/repository/net/java/dev/jna/jna/5.5.0/jna-5.5.0.jar:/Users/jorgenfinsveen/.m2/repository/net/java/dev/jna/jna-platform/5.5.0/jna-platform-5.5.0.jar:"/>
    <property name="java.vm.vendor" value="Oracle Corporation"/>
    <property name="sun.arch.data.model" value="64"/>
    <property name="java.vendor.url" value="https://java.oracle.com/"/>
    <property name="os.name" value="Mac OS X"/>
    <property name="java.vm.specification.version" value="19"/>
    <property name="sun.java.launcher" value="SUN_STANDARD"/>
    <property name="user.country" value="NO"/>
    <property name="sun.boot.library.path" value="/Library/Java/JavaVirtualMachines/jdk-19.jdk/Contents/Home/lib"/>
    <property name="sun.java.command" value="/Users/jorgenfinsveen/Documents/Dokumenter  Joergens MacBook Pro/NTNU Aalesund/3 Semester/IDATA2304/Mandatory work - Solutions/code/A5/enigma-72/enigma/target/surefire/surefirebooter10418431771860247215.jar /Users/jorgenfinsveen/Documents/Dokumenter  Joergens MacBook Pro/NTNU Aalesund/3 Semester/IDATA2304/Mandatory work - Solutions/code/A5/enigma-72/enigma/target/surefire 2022-10-02T19-52-21_633-jvmRun1 surefire1712493435909992712tmp surefire_015751542273857657557tmp"/>
    <property name="http.nonProxyHosts" value="local|*.local|169.254/16|*.169.254/16"/>
    <property name="jdk.debug" value="release"/>
    <property name="surefire.test.class.path" value="/Users/jorgenfinsveen/Documents/Dokumenter  Joergens MacBook Pro/NTNU Aalesund/3 Semester/IDATA2304/Mandatory work - Solutions/code/A5/enigma-72/enigma/target/test-classes:/Users/jorgenfinsveen/Documents/Dokumenter  Joergens MacBook Pro/NTNU Aalesund/3 Semester/IDATA2304/Mandatory work - Solutions/code/A5/enigma-72/enigma/target/classes:/Users/jorgenfinsveen/.m2/repository/junit/junit/4.11/junit-4.11.jar:/Users/jorgenfinsveen/.m2/repository/org/hamcrest/hamcrest-core/1.3/hamcrest-core-1.3.jar:/Users/jorgenfinsveen/.m2/repository/com/diogonunes/JColor/5.0.0/JColor-5.0.0.jar:/Users/jorgenfinsveen/.m2/repository/net/java/dev/jna/jna/5.5.0/jna-5.5.0.jar:/Users/jorgenfinsveen/.m2/repository/net/java/dev/jna/jna-platform/5.5.0/jna-platform-5.5.0.jar:"/>
    <property name="sun.cpu.endian" value="little"/>
    <property name="user.home" value="/Users/jorgenfinsveen"/>
    <property name="user.language" value="nb"/>
    <property name="java.specification.vendor" value="Oracle Corporation"/>
    <property name="java.version.date" value="2022-09-20"/>
    <property name="java.home" value="/Library/Java/JavaVirtualMachines/jdk-19.jdk/Contents/Home"/>
    <property name="file.separator" value="/"/>
    <property name="basedir" value="/Users/jorgenfinsveen/Documents/Dokumenter  Joergens MacBook Pro/NTNU Aalesund/3 Semester/IDATA2304/Mandatory work - Solutions/code/A5/enigma-72/enigma"/>
    <property name="java.vm.compressedOopsMode" value="Zero based"/>
    <property name="line.separator" value="&#10;"/>
    <property name="java.vm.specification.vendor" value="Oracle Corporation"/>
    <property name="java.specification.name" value="Java Platform API Specification"/>
    <property name="apple.awt.application.name" value="ForkedBooter"/>
    <property name="surefire.real.class.path" value="/Users/jorgenfinsveen/Documents/Dokumenter  Joergens MacBook Pro/NTNU Aalesund/3 Semester/IDATA2304/Mandatory work - Solutions/code/A5/enigma-72/enigma/target/surefire/surefirebooter10418431771860247215.jar"/>
    <property name="sun.management.compiler" value="HotSpot 64-Bit Tiered Compilers"/>
    <property name="ftp.nonProxyHosts" value="local|*.local|169.254/16|*.169.254/16"/>
    <property name="java.runtime.version" value="19+36-2238"/>
    <property name="user.name" value="jorgenfinsveen"/>
    <property name="stdout.encoding" value="US-ASCII"/>
    <property name="path.separator" value=":"/>
    <property name="os.version" value="12.5.1"/>
    <property name="java.runtime.name" value="OpenJDK Runtime Environment"/>
    <property name="file.encoding" value="UTF-8"/>
    <property name="java.vm.name" value="OpenJDK 64-Bit Server VM"/>
    <property name="localRepository" value="/Users/jorgenfinsveen/.m2/repository"/>
    <property name="java.vendor.url.bug" value="https://bugreport.java.com/bugreport/"/>
    <property name="java.io.tmpdir" value="/var/folders/5n/vphyj9kn0hx8g4xw7066pvh40000gn/T/"/>
    <property name="java.version" value="19"/>
    <property name="user.dir" value="/Users/jorgenfinsveen/Documents/Dokumenter  Joergens MacBook Pro/NTNU Aalesund/3 Semester/IDATA2304/Mandatory work - Solutions/code/A5/enigma-72/enigma"/>
    <property name="os.arch" value="aarch64"/>
    <property name="java.vm.specification.name" value="Java Virtual Machine Specification"/>
    <property name="native.encoding" value="US-ASCII"/>
    <property name="java.library.path" value="/Users/jorgenfinsveen/Library/Java/Extensions:/Library/Java/Extensions:/Network/Library/Java/Extensions:/System/Library/Java/Extensions:/usr/lib/java:."/>
    <property name="java.vm.info" value="mixed mode, sharing"/>
    <property name="stderr.encoding" value="US-ASCII"/>
    <property name="java.vendor" value="Oracle Corporation"/>
    <property name="java.vm.version" value="19+36-2238"/>
    <property name="sun.io.unicode.encoding" value="UnicodeBig"/>
    <property name="socksNonProxyHosts" value="local|*.local|169.254/16|*.169.254/16"/>
    <property name="java.class.version" value="63.0"/>
  </properties>
  <testcase name="analyseOneSentence_postive" classname="no.ntnu.jorgfi.enigma.model.AnalyzerTest" time="0.001"/>
  <testcase name="analyzeSeveralSentences_positive" classname="no.ntnu.jorgfi.enigma.model.AnalyzerTest" time="0"/>
  <testcase name="analyzeSeveralSentences_negative" classname="no.ntnu.jorgfi.enigma.model.AnalyzerTest" time="0.001"/>
  <testcase name="analyseOneSentence_negative" classname="no.ntnu.jorgfi.enigma.model.AnalyzerTest" time="0"/>
</testsuite>